Apps/fooderlich_app/build/app/outputs/mapping/release/mapping.txt
# compiler: R8
# compiler_version: 1.5.64
# min_api: 16
# pg_map_id: fbd58d1
...
io.flutter.embedding.android.FlutterEngineConfigurator -> io.flutter.embedding.android.h:
io.flutter.embedding.android.FlutterEngineProvider -> io.flutter.embedding.android.i:
io.flutter.embedding.android.FlutterImageView -> io.flutter.embedding.android.j:
    io.flutter.embedding.engine.renderer.FlutterRenderer flutterRenderer -> d
    android.graphics.Bitmap currentBitmap -> c
    android.media.Image currentImage -> b
    boolean isAttachedToFlutterRenderer -> f
    android.media.ImageReader imageReader -> a
    io.flutter.embedding.android.FlutterImageView$SurfaceKind kind -> e
    void attachToRenderer(io.flutter.embedding.engine.renderer.FlutterRenderer) -> a
    void pause() -> a
    void resizeIfNeeded(int,int) -> a
    android.media.ImageReader createImageReader(int,int) -> b
    void detachFromRenderer() -> b
    boolean acquireLatestImage() -> c
    void closeCurrentImage() -> d
    void init() -> e
    void updateCurrentBitmap() -> f
io.flutter.embedding.android.FlutterImageView$1 -> io.flutter.embedding.android.j$a:
    int[] $SwitchMap$io$flutter$embedding$android$FlutterImageView$SurfaceKind -> a
io.flutter.embedding.android.FlutterImageView$SurfaceKind -> io.flutter.embedding.android.j$b:
    io.flutter.embedding.android.FlutterImageView$SurfaceKind background -> a
    io.flutter.embedding.android.FlutterImageView$SurfaceKind[] $VALUES -> c
    io.flutter.embedding.android.FlutterImageView$SurfaceKind overlay -> b
io.flutter.embedding.android.FlutterSplashView -> io.flutter.embedding.android.FlutterSplashView:
    io.flutter.embedding.android.SplashScreen splashScreen -> a
    java.lang.String previousCompletedSplashIsolate -> f
    io.flutter.embedding.engine.renderer.FlutterUiDisplayListener flutterUiDisplayListener -> h
    java.lang.Runnable onTransitionComplete -> i
    java.lang.String TAG -> j
    io.flutter.embedding.android.FlutterView flutterView -> b
    android.os.Bundle splashScreenState -> d
    io.flutter.embedding.android.FlutterView$FlutterEngineAttachmentListener flutterEngineAttachmentListener -> g
    android.view.View splashScreenView -> c
    java.lang.String transitioningIsolateId -> e
    io.flutter.embedding.android.FlutterView access$000(io.flutter.embedding.android.FlutterSplashView) -> a
    java.lang.String access$402(io.flutter.embedding.android.FlutterSplashView,java.lang.String) -> a
    void displayFlutterViewWithSplash(io.flutter.embedding.android.FlutterView,io.flutter.embedding.android.SplashScreen) -> a
    boolean hasSplashCompleted() -> a
    io.flutter.embedding.android.SplashScreen access$100(io.flutter.embedding.android.FlutterSplashView) -> b
    boolean isSplashScreenNeededNow() -> b
    void access$200(io.flutter.embedding.android.FlutterSplashView) -> c
    boolean isSplashScreenTransitionNeededNow() -> c
    android.view.View access$300(io.flutter.embedding.android.FlutterSplashView) -> d
    void transitionToFlutter() -> d
io.flutter.embedding.android.FlutterSplashView$1 -> io.flutter.embedding.android.FlutterSplashView$a:
    io.flutter.embedding.android.FlutterSplashView this$0 -> a
    void onFlutterEngineAttachedToFlutterView(io.flutter.embedding.engine.FlutterEngine) -> a
    void onFlutterEngineDetachedFromFlutterView() -> a
io.flutter.embedding.android.FlutterSplashView$2 -> io.flutter.embedding.android.FlutterSplashView$b:
    io.flutter.embedding.android.FlutterSplashView this$0 -> a
    void onFlutterUiDisplayed() -> a
    void onFlutterUiNoLongerDisplayed() -> b
io.flutter.embedding.android.FlutterSplashView$3 -> io.flutter.embedding.android.FlutterSplashView$c:
    io.flutter.embedding.android.FlutterSplashView this$0 -> a
io.flutter.embedding.android.FlutterSplashView$SavedState$1 -> io.flutter.embedding.android.FlutterSplashView$SavedState$a: